build/app/intermediates/manifest_merge_blame_file/debug/manifest-merger-blame-debug-report.txt
1<?xml version="1.0" encoding="utf-8"?>
2<manifest xmlns:android="http://schemas.android.com/apk/res/android"
3    package="com.room9stone.carecat"
4    android:versionCode="1"
5    android:versionName="1.0.0" >
6
7    <uses-sdk
8        android:minSdkVersion="20"
9        android:targetSdkVersion="30" />
10    <!--
11         Flutter needs it to communicate with the running application
12         to allow setting breakpoints, to provide hot reload, etc.
13    -->
14    <uses-permission android:name="android.permission.INTERNET" />
14-->src\debug\AndroidManifest.xml:6:5-66
14-->src\debug\AndroidManifest.xml:6:22-64
15    <uses-permission android:name="android.permission.ACCESS_FINE_LOCATION" />
15-->src\main\AndroidManifest.xml:4:5-78
15-->src\main\AndroidManifest.xml:4:22-76
16    <uses-permission android:name="android.permission.ACCESS_COARSE_LOCATION" />
16-->src\main\AndroidManifest.xml:5:5-81
16-->src\main\AndroidManifest.xml:5:22-78
17    <uses-permission android:name="android.permission.FOREGROUND_SERVICE" />
17-->src\main\AndroidManifest.xml:6:5-77
17-->src\main\AndroidManifest.xml:6:22-74
18    <uses-permission android:name="android.permission.ACCESS_BACKGROUND_LOCATION" />
18-->src\main\AndroidManifest.xml:7:5-84
18-->src\main\AndroidManifest.xml:7:22-82
19    <uses-permission android:name="android.permission.WAKE_LOCK" />
19-->[:firebase_messaging] AndroidManifest.xml:8:5-68
19-->[:firebase_messaging] AndroidManifest.xml:8:22-65
20    <uses-permission android:name="android.permission.ACCESS_NETWORK_STATE" />
20-->[:firebase_messaging] AndroidManifest.xml:9:5-79
20-->[:firebase_messaging] AndroidManifest.xml:9:22-76
21    <uses-permission android:name="android.permission.RECEIVE_BOOT_COMPLETED" />
21-->[:flutter_local_notifications] AndroidManifest.xml:7:5-81
21-->[:flutter_local_notifications] AndroidManifest.xml:7:22-78
22    <uses-permission android:name="android.permission.VIBRATE" />
22-->[:flutter_local_notifications] AndroidManifest.xml:8:5-66
22-->[:flutter_local_notifications] AndroidManifest.xml:8:22-63
23    <uses-permission android:name="android.permission.USE_FULL_SCREEN_INTENT" />
23-->[:flutter_local_notifications] AndroidManifest.xml:9:5-81
23-->[:flutter_local_notifications] AndroidManifest.xml:9:22-78
24    <uses-permission android:name="android.permission.SCHEDULE_EXACT_ALARM" /> <!-- Required by older versions of Google Play services to create IID tokens -->
24-->[:flutter_local_notifications] AndroidManifest.xml:10:5-79
24-->[:flutter_local_notifications] AndroidManifest.xml:10:22-76
25    <uses-permission android:name="com.google.android.c2dm.permission.RECEIVE" />
25-->[com.google.firebase:firebase-messaging:23.0.0] AndroidManifest.xml:25:5-82
25-->[com.google.firebase:firebase-messaging:23.0.0] AndroidManifest.xml:25:22-79
26
27    <uses-feature
27-->[com.google.android.gms:play-services-maps:17.0.0] AndroidManifest.xml:26:5-28:35
28        android:glEsVersion="0x00020000"
28-->[com.google.android.gms:play-services-maps:17.0.0] AndroidManifest.xml:27:9-41
29        android:required="true" />
29-->[com.google.android.gms:play-services-maps:17.0.0] AndroidManifest.xml:28:9-32
30
31    <application
32        android:name="android.app.Application"
33        android:appComponentFactory="androidx.core.app.CoreComponentFactory"
33-->[androidx.core:core:1.6.0] AndroidManifest.xml:24:18-86
34        android:debuggable="true"
35        android:icon="@mipmap/ic_launcher"
36        android:label="carecat" >
37        <activity
38            android:name="com.room9stone.carecat.MainActivity"
39            android:configChanges="orientation|keyboardHidden|keyboard|screenSize|smallestScreenSize|locale|layoutDirection|fontScale|screenLayout|density|uiMode"
40            android:exported="true"
41            android:hardwareAccelerated="true"
42            android:launchMode="singleTop"
43            android:theme="@style/LaunchTheme"
44            android:windowSoftInputMode="adjustResize" >
45
46            <!--
47                 Specifies an Android theme to apply to this Activity as soon as
48                 the Android process has started. This theme is visible to the user
49                 while the Flutter UI initializes. After that, this theme continues
50                 to determine the Window background behind the Flutter UI.
51            -->
52            <meta-data
53                android:name="io.flutter.embedding.android.NormalTheme"
54                android:resource="@style/NormalTheme" />
55
56            <intent-filter>
57                <action android:name="android.intent.action.MAIN" />
58
59                <category android:name="android.intent.category.LAUNCHER" />
60            </intent-filter>
61        </activity>
62        <!--
63             Don't delete the meta-data below.
64             This is used by the Flutter tool to generate GeneratedPluginRegistrant.java
65        -->
66        <meta-data
67            android:name="com.google.android.geo.API_KEY"
68            android:value="AIzaSyDkG1QgVXca3U1bF5pmHc2kzdSfGfiVxuQ" />
69        <meta-data
70            android:name="flutterEmbedding"
71            android:value="2" />
72
73        <service
73-->[:firebase_messaging] AndroidManifest.xml:12:9-15:72
74            android:name="io.flutter.plugins.firebase.messaging.FlutterFirebaseMessagingBackgroundService"
74-->[:firebase_messaging] AndroidManifest.xml:13:13-107
75            android:exported="false"
75-->[:firebase_messaging] AndroidManifest.xml:14:13-37
76            android:permission="android.permission.BIND_JOB_SERVICE" />
76-->[:firebase_messaging] AndroidManifest.xml:15:13-69
77        <service
77-->[:firebase_messaging] AndroidManifest.xml:16:9-22:19
78            android:name="io.flutter.plugins.firebase.messaging.FlutterFirebaseMessagingService"
78-->[:firebase_messaging] AndroidManifest.xml:17:13-97
79            android:exported="false" >
79-->[:firebase_messaging] AndroidManifest.xml:18:13-37
80            <intent-filter>
80-->[:firebase_messaging] AndroidManifest.xml:19:13-21:29
81                <action android:name="com.google.firebase.MESSAGING_EVENT" />
81-->[:firebase_messaging] AndroidManifest.xml:20:17-78
81-->[:firebase_messaging] AndroidManifest.xml:20:25-75
82            </intent-filter>
83        </service>
84
85        <receiver
85-->[:firebase_messaging] AndroidManifest.xml:24:9-31:20
86            android:name="io.flutter.plugins.firebase.messaging.FlutterFirebaseMessagingReceiver"
86-->[:firebase_messaging] AndroidManifest.xml:25:13-98
87            android:exported="true"
87-->[:firebase_messaging] AndroidManifest.xml:26:13-36
88            android:permission="com.google.android.c2dm.permission.SEND" >
88-->[:firebase_messaging] AndroidManifest.xml:27:13-73
89            <intent-filter>
89-->[:firebase_messaging] AndroidManifest.xml:28:13-30:29
90                <action android:name="com.google.android.c2dm.intent.RECEIVE" />
90-->[:firebase_messaging] AndroidManifest.xml:29:17-81
90-->[:firebase_messaging] AndroidManifest.xml:29:25-78
91            </intent-filter>
92        </receiver>
93
94        <service
94-->[:firebase_messaging] AndroidManifest.xml:33:9-37:19
95            android:name="com.google.firebase.components.ComponentDiscoveryService"
95-->[:firebase_messaging] AndroidManifest.xml:33:18-89
96            android:directBootAware="true"
96-->[com.google.firebase:firebase-common:20.0.0] AndroidManifest.xml:35:13-43
97            android:exported="false" >
97-->[com.google.firebase:firebase-messaging:23.0.0] AndroidManifest.xml:51:13-37
98            <meta-data
98-->[:firebase_messaging] AndroidManifest.xml:34:13-36:85
99                android:name="com.google.firebase.components:io.flutter.plugins.firebase.messaging.FlutterFirebaseAppRegistrar"
99-->[:firebase_messaging] AndroidManifest.xml:35:17-128
100                android:value="com.google.firebase.components.ComponentRegistrar" />
100-->[:firebase_messaging] AndroidManifest.xml:36:17-82
101            <meta-data
101-->[:firebase_core] AndroidManifest.xml:9:13-11:85
102                android:name="com.google.firebase.components:io.flutter.plugins.firebase.core.FlutterFirebaseCoreRegistrar"
102-->[:firebase_core] AndroidManifest.xml:10:17-124
103                android:value="com.google.firebase.components.ComponentRegistrar" />
103-->[:firebase_core] AndroidManifest.xml:11:17-82
104            <meta-data
104-->[com.google.firebase:firebase-messaging:23.0.0] AndroidManifest.xml:52:13-54:85
105                android:name="com.google.firebase.components:com.google.firebase.messaging.FirebaseMessagingRegistrar"
105-->[com.google.firebase:firebase-messaging:23.0.0] AndroidManifest.xml:53:17-119
106                android:value="com.google.firebase.components.ComponentRegistrar" />
106-->[com.google.firebase:firebase-messaging:23.0.0] AndroidManifest.xml:54:17-82
107            <meta-data
107-->[com.google.firebase:firebase-datatransport:18.0.0] AndroidManifest.xml:28:13-30:85
108                android:name="com.google.firebase.components:com.google.firebase.datatransport.TransportRegistrar"
108-->[com.google.firebase:firebase-datatransport:18.0.0] AndroidManifest.xml:29:17-115
109                android:value="com.google.firebase.components.ComponentRegistrar" />
109-->[com.google.firebase:firebase-datatransport:18.0.0] AndroidManifest.xml:30:17-82
110            <meta-data
110-->[com.google.firebase:firebase-installations:17.0.0] AndroidManifest.xml:18:13-20:85
111                android:name="com.google.firebase.components:com.google.firebase.installations.FirebaseInstallationsRegistrar"
111-->[com.google.firebase:firebase-installations:17.0.0] AndroidManifest.xml:19:17-127
112                android:value="com.google.firebase.components.ComponentRegistrar" />
112-->[com.google.firebase:firebase-installations:17.0.0] AndroidManifest.xml:20:17-82
113        </service>
114
115        <provider
115-->[:firebase_messaging] AndroidManifest.xml:39:9-43:38
116            android:name="io.flutter.plugins.firebase.messaging.FlutterFirebaseMessagingInitProvider"
116-->[:firebase_messaging] AndroidManifest.xml:40:13-102
117            android:authorities="com.room9stone.carecat.flutterfirebasemessaginginitprovider"
117-->[:firebase_messaging] AndroidManifest.xml:41:13-88
118            android:exported="false"
118-->[:firebase_messaging] AndroidManifest.xml:42:13-37
119            android:initOrder="99" />
119-->[:firebase_messaging] AndroidManifest.xml:43:13-35
120
121        <receiver
121-->[:flutter_local_notifications] AndroidManifest.xml:13:9-15:40
122            android:name="com.dexterous.flutterlocalnotifications.ScheduledNotificationReceiver"
122-->[:flutter_local_notifications] AndroidManifest.xml:14:13-97
123            android:exported="false" />
123-->[:flutter_local_notifications] AndroidManifest.xml:15:13-37
124        <receiver
124-->[:flutter_local_notifications] AndroidManifest.xml:16:9-25:20
125            android:name="com.dexterous.flutterlocalnotifications.ScheduledNotificationBootReceiver"
125-->[:flutter_local_notifications] AndroidManifest.xml:17:13-101
126            android:exported="false" >
126-->[:flutter_local_notifications] AndroidManifest.xml:18:13-37
127            <intent-filter>
127-->[:flutter_local_notifications] AndroidManifest.xml:19:13-24:29
128                <action android:name="android.intent.action.BOOT_COMPLETED" />
128-->[:flutter_local_notifications] AndroidManifest.xml:20:17-79
128-->[:flutter_local_notifications] AndroidManifest.xml:20:25-76
129                <action android:name="android.intent.action.MY_PACKAGE_REPLACED" />
129-->[:flutter_local_notifications] AndroidManifest.xml:21:17-84
129-->[:flutter_local_notifications] AndroidManifest.xml:21:25-81
130                <action android:name="android.intent.action.QUICKBOOT_POWERON" />
130-->[:flutter_local_notifications] AndroidManifest.xml:22:17-82
130-->[:flutter_local_notifications] AndroidManifest.xml:22:25-79
131                <action android:name="com.htc.intent.action.QUICKBOOT_POWERON" />
131-->[:flutter_local_notifications] AndroidManifest.xml:23:17-82
131-->[:flutter_local_notifications] AndroidManifest.xml:23:25-79
132            </intent-filter>
133        </receiver>
134
135        <uses-library
135-->[androidx.window:window:1.0.0-beta04] AndroidManifest.xml:25:9-27:40
136            android:name="androidx.window.extensions"
136-->[androidx.window:window:1.0.0-beta04] AndroidManifest.xml:26:13-54
137            android:required="false" />
137-->[androidx.window:window:1.0.0-beta04] AndroidManifest.xml:27:13-37
138        <uses-library
138-->[androidx.window:window:1.0.0-beta04] AndroidManifest.xml:28:9-30:40
139            android:name="androidx.window.sidecar"
139-->[androidx.window:window:1.0.0-beta04] AndroidManifest.xml:29:13-51
140            android:required="false" />
140-->[androidx.window:window:1.0.0-beta04] AndroidManifest.xml:30:13-37
141
142        <receiver
142-->[com.google.firebase:firebase-messaging:23.0.0] AndroidManifest.xml:28:9-35:20
143            android:name="com.google.firebase.iid.FirebaseInstanceIdReceiver"
143-->[com.google.firebase:firebase-messaging:23.0.0] AndroidManifest.xml:29:13-78
144            android:exported="true"
144-->[com.google.firebase:firebase-messaging:23.0.0] AndroidManifest.xml:30:13-36
145            android:permission="com.google.android.c2dm.permission.SEND" >
145-->[com.google.firebase:firebase-messaging:23.0.0] AndroidManifest.xml:31:13-73
146            <intent-filter>
146-->[:firebase_messaging] AndroidManifest.xml:28:13-30:29
147                <action android:name="com.google.android.c2dm.intent.RECEIVE" />
147-->[:firebase_messaging] AndroidManifest.xml:29:17-81
147-->[:firebase_messaging] AndroidManifest.xml:29:25-78
148            </intent-filter>
149        </receiver>
150        <!--
151             FirebaseMessagingService performs security checks at runtime,
152             but set to not exported to explicitly avoid allowing another app to call it.
153        -->
154        <service
154-->[com.google.firebase:firebase-messaging:23.0.0] AndroidManifest.xml:41:9-48:19
155            android:name="com.google.firebase.messaging.FirebaseMessagingService"
155-->[com.google.firebase:firebase-messaging:23.0.0] AndroidManifest.xml:42:13-82
156            android:directBootAware="true"
156-->[com.google.firebase:firebase-messaging:23.0.0] AndroidManifest.xml:43:13-43
157            android:exported="false" >
157-->[com.google.firebase:firebase-messaging:23.0.0] AndroidManifest.xml:44:13-37
158            <intent-filter android:priority="-500" >
158-->[:firebase_messaging] AndroidManifest.xml:19:13-21:29
159                <action android:name="com.google.firebase.MESSAGING_EVENT" />
159-->[:firebase_messaging] AndroidManifest.xml:20:17-78
159-->[:firebase_messaging] AndroidManifest.xml:20:25-75
160            </intent-filter>
161        </service>
162
163        <provider
163-->[com.google.firebase:firebase-common:20.0.0] AndroidManifest.xml:26:9-31:39
164            android:name="com.google.firebase.provider.FirebaseInitProvider"
164-->[com.google.firebase:firebase-common:20.0.0] AndroidManifest.xml:27:13-77
165            android:authorities="com.room9stone.carecat.firebaseinitprovider"
165-->[com.google.firebase:firebase-common:20.0.0] AndroidManifest.xml:28:13-72
166            android:directBootAware="true"
166-->[com.google.firebase:firebase-common:20.0.0] AndroidManifest.xml:29:13-43
167            android:exported="false"
167-->[com.google.firebase:firebase-common:20.0.0] AndroidManifest.xml:30:13-37
168            android:initOrder="100" /> <!-- Needs to be explicitly declared on P+ -->
168-->[com.google.firebase:firebase-common:20.0.0] AndroidManifest.xml:31:13-36
169        <uses-library
169-->[com.google.android.gms:play-services-maps:17.0.0] AndroidManifest.xml:33:9-35:40
170            android:name="org.apache.http.legacy"
170-->[com.google.android.gms:play-services-maps:17.0.0] AndroidManifest.xml:34:13-50
171            android:required="false" />
171-->[com.google.android.gms:play-services-maps:17.0.0] AndroidManifest.xml:35:13-37
172
173        <activity
173-->[com.google.android.gms:play-services-base:17.0.0] AndroidManifest.xml:23:9-26:75
174            android:name="com.google.android.gms.common.api.GoogleApiActivity"
174-->[com.google.android.gms:play-services-base:17.0.0] AndroidManifest.xml:24:13-79
175            android:exported="false"
175-->[com.google.android.gms:play-services-base:17.0.0] AndroidManifest.xml:25:13-37
176            android:theme="@android:style/Theme.Translucent.NoTitleBar" />
176-->[com.google.android.gms:play-services-base:17.0.0] AndroidManifest.xml:26:13-72
177
178        <meta-data
178-->[com.google.android.gms:play-services-basement:17.0.0] AndroidManifest.xml:23:9-25:69
179            android:name="com.google.android.gms.version"
179-->[com.google.android.gms:play-services-basement:17.0.0] AndroidManifest.xml:24:13-58
180            android:value="@integer/google_play_services_version" />
180-->[com.google.android.gms:play-services-basement:17.0.0] AndroidManifest.xml:25:13-66
181
182        <service
182-->[com.google.android.datatransport:transport-backend-cct:3.0.0] AndroidManifest.xml:29:9-35:19
183            android:name="com.google.android.datatransport.runtime.backends.TransportBackendDiscovery"
183-->[com.google.android.datatransport:transport-backend-cct:3.0.0] AndroidManifest.xml:30:13-103
184            android:exported="false" >
184-->[com.google.android.datatransport:transport-backend-cct:3.0.0] AndroidManifest.xml:31:13-37
185            <meta-data
185-->[com.google.android.datatransport:transport-backend-cct:3.0.0] AndroidManifest.xml:32:13-34:39
186                android:name="backend:com.google.android.datatransport.cct.CctBackendFactory"
186-->[com.google.android.datatransport:transport-backend-cct:3.0.0] AndroidManifest.xml:33:17-94
187                android:value="cct" />
187-->[com.google.android.datatransport:transport-backend-cct:3.0.0] AndroidManifest.xml:34:17-36
188        </service>
189        <service
189-->[com.google.android.datatransport:transport-runtime:3.0.0] AndroidManifest.xml:26:9-30:19
190            android:name="com.google.android.datatransport.runtime.scheduling.jobscheduling.JobInfoSchedulerService"
190-->[com.google.android.datatransport:transport-runtime:3.0.0] AndroidManifest.xml:27:13-117
191            android:exported="false"
191-->[com.google.android.datatransport:transport-runtime:3.0.0] AndroidManifest.xml:28:13-37
192            android:permission="android.permission.BIND_JOB_SERVICE" >
192-->[com.google.android.datatransport:transport-runtime:3.0.0] AndroidManifest.xml:29:13-69
193        </service>
194
195        <receiver
195-->[com.google.android.datatransport:transport-runtime:3.0.0] AndroidManifest.xml:32:9-34:40
196            android:name="com.google.android.datatransport.runtime.scheduling.jobscheduling.AlarmManagerSchedulerBroadcastReceiver"
196-->[com.google.android.datatransport:transport-runtime:3.0.0] AndroidManifest.xml:33:13-132
197            android:exported="false" />
197-->[com.google.android.datatransport:transport-runtime:3.0.0] AndroidManifest.xml:34:13-37
198    </application>
199
200</manifest>